TN:
SF:server\index.js
FN:17,(anonymous_0)
FN:32,(anonymous_1)
FN:36,(anonymous_2)
FNF:3
FNH:2
FNDA:1,(anonymous_0)
FNDA:0,(anonymous_1)
FNDA:1,(anonymous_2)
DA:1,1
DA:2,1
DA:3,1
DA:4,1
DA:5,1
DA:6,1
DA:7,1
DA:8,1
DA:9,1
DA:10,1
DA:11,1
DA:12,1
DA:18,1
DA:20,1
DA:21,1
DA:24,1
DA:25,1
DA:26,1
DA:27,1
DA:28,1
DA:29,1
DA:30,1
DA:33,0
DA:35,1
DA:36,1
DA:37,1
DA:39,1
LF:27
LH:26
BRDA:35,0,0,1
BRDA:35,0,1,1
BRF:2
BRH:2
end_of_record
TN:
SF:server\config\passport.js
FN:6,(anonymous_0)
FN:8,(anonymous_1)
FN:18,(anonymous_2)
FN:22,(anonymous_3)
FN:25,(anonymous_4)
FNF:5
FNH:3
FNDA:4,(anonymous_0)
FNDA:4,(anonymous_1)
FNDA:0,(anonymous_2)
FNDA:3,(anonymous_3)
FNDA:0,(anonymous_4)
DA:1,1
DA:2,1
DA:3,1
DA:5,1
DA:7,4
DA:9,4
DA:10,1
DA:12,3
DA:14,0
DA:18,0
DA:22,1
DA:23,3
DA:25,1
DA:26,0
DA:28,1
LF:15
LH:12
BRDA:9,0,0,1
BRDA:9,0,1,3
BRDA:12,1,0,3
BRDA:12,1,1,0
BRF:4
BRH:3
end_of_record
TN:
SF:server\controllers\blogsController.js
FN:4,(anonymous_0)
FN:9,(anonymous_1)
FN:19,(anonymous_2)
FN:20,(anonymous_3)
FN:34,(anonymous_4)
FN:35,(anonymous_5)
FN:60,(anonymous_6)
FN:61,(anonymous_7)
FNF:8
FNH:8
FNDA:1,(anonymous_0)
FNDA:2,(anonymous_1)
FNDA:1,(anonymous_2)
FNDA:1,(anonymous_3)
FNDA:2,(anonymous_4)
FNDA:2,(anonymous_5)
FNDA:2,(anonymous_6)
FNDA:2,(anonymous_7)
DA:1,1
DA:2,1
DA:4,1
DA:5,1
DA:6,1
DA:9,1
DA:10,2
DA:11,2
DA:12,1
DA:14,1
DA:15,1
DA:19,1
DA:20,1
DA:21,1
DA:22,0
DA:24,1
DA:28,1
DA:29,1
DA:34,1
DA:35,2
DA:36,2
DA:37,0
DA:39,2
DA:40,2
DA:42,1
DA:43,1
DA:46,1
DA:47,1
DA:50,1
DA:51,1
DA:53,1
DA:54,1
DA:60,1
DA:61,2
DA:62,2
DA:63,0
DA:65,2
DA:66,2
DA:67,1
DA:69,1
DA:70,1
LF:41
LH:38
BRDA:12,0,0,1
BRDA:12,0,1,0
BRDA:21,1,0,0
BRDA:21,1,1,1
BRDA:36,2,0,0
BRDA:36,2,1,2
BRDA:42,3,0,1
BRDA:42,3,1,0
BRDA:46,4,0,1
BRDA:46,4,1,0
BRDA:62,5,0,0
BRDA:62,5,1,2
BRF:12
BRH:6
end_of_record
TN:
SF:server\controllers\commentController.js
FN:3,(anonymous_0)
FNF:1
FNH:1
FNDA:2,(anonymous_0)
DA:1,1
DA:3,1
DA:4,2
DA:5,2
DA:11,1
DA:13,1
DA:14,1
LF:7
LH:7
BRF:0
BRH:0
end_of_record
TN:
SF:server\controllers\likesController.js
FN:3,(anonymous_0)
FNF:1
FNH:1
FNDA:2,(anonymous_0)
DA:1,1
DA:3,1
DA:4,2
DA:5,2
DA:11,1
DA:13,1
DA:14,1
LF:7
LH:7
BRF:0
BRH:0
end_of_record
TN:
SF:server\controllers\queriesController.js
FN:4,(anonymous_0)
FN:5,(anonymous_1)
FN:15,(anonymous_2)
FN:16,(anonymous_3)
FN:31,(anonymous_4)
FN:41,(anonymous_5)
FN:42,(anonymous_6)
FNF:7
FNH:7
FNDA:1,(anonymous_0)
FNDA:1,(anonymous_1)
FNDA:2,(anonymous_2)
FNDA:2,(anonymous_3)
FNDA:1,(anonymous_4)
FNDA:2,(anonymous_5)
FNDA:2,(anonymous_6)
DA:1,1
DA:2,1
DA:4,1
DA:5,1
DA:6,1
DA:7,0
DA:9,1
DA:10,1
DA:15,1
DA:16,2
DA:17,2
DA:18,0
DA:20,2
DA:21,2
DA:22,1
DA:24,1
DA:25,1
DA:31,1
DA:32,1
DA:37,1
DA:38,1
DA:41,1
DA:42,2
DA:43,2
DA:44,0
DA:46,2
DA:47,2
DA:48,1
DA:50,1
DA:51,1
LF:30
LH:27
BRDA:6,0,0,0
BRDA:6,0,1,1
BRDA:17,1,0,0
BRDA:17,1,1,2
BRDA:22,2,0,1
BRDA:22,2,1,0
BRDA:43,3,0,0
BRDA:43,3,1,2
BRF:8
BRH:4
end_of_record
TN:
SF:server\controllers\userController.js
FN:3,(anonymous_0)
FN:9,(anonymous_1)
FN:18,(anonymous_2)
FNF:3
FNH:3
FNDA:3,(anonymous_0)
FNDA:3,(anonymous_1)
FNDA:1,(anonymous_2)
DA:1,1
DA:3,1
DA:4,3
DA:10,3
DA:18,1
DA:19,1
DA:20,1
LF:7
LH:7
BRF:0
BRH:0
end_of_record
TN:
SF:server\middleware\blogValidator.js
FN:7,(anonymous_0)
FNF:1
FNH:1
FNDA:3,(anonymous_0)
DA:1,1
DA:3,1
DA:7,1
DA:8,3
DA:9,3
DA:10,3
DA:12,0
DA:15,1
LF:8
LH:7
BRDA:10,0,0,3
BRDA:10,0,1,0
BRF:2
BRH:1
end_of_record
TN:
SF:server\middleware\commentValidator.js
FN:7,(anonymous_0)
FNF:1
FNH:1
FNDA:2,(anonymous_0)
DA:1,1
DA:3,1
DA:7,1
DA:8,2
DA:9,2
DA:10,2
DA:12,0
DA:15,1
LF:8
LH:7
BRDA:10,0,0,2
BRDA:10,0,1,0
BRF:2
BRH:1
end_of_record
TN:
SF:server\middleware\queryValidator.js
FN:8,(anonymous_0)
FNF:1
FNH:1
FNDA:1,(anonymous_0)
DA:1,1
DA:3,1
DA:8,1
DA:9,1
DA:10,1
DA:11,1
DA:13,0
DA:16,1
LF:8
LH:7
BRDA:11,0,0,1
BRDA:11,0,1,0
BRF:2
BRH:1
end_of_record
TN:
SF:server\middleware\userValidator.js
FN:7,(anonymous_0)
FNF:1
FNH:1
FNDA:3,(anonymous_0)
DA:1,1
DA:3,1
DA:7,1
DA:8,3
DA:9,3
DA:10,3
DA:12,0
DA:15,1
LF:8
LH:7
BRDA:10,0,0,3
BRDA:10,0,1,0
BRF:2
BRH:1
end_of_record
TN:
SF:server\middleware\verifyToken.js
FN:1,(anonymous_0)
FNF:1
FNH:1
FNDA:12,(anonymous_0)
DA:1,1
DA:2,12
DA:3,12
DA:4,10
DA:5,10
DA:6,10
DA:7,10
DA:9,2
DA:13,1
LF:9
LH:9
BRDA:3,0,0,10
BRDA:3,0,1,2
BRF:2
BRH:2
end_of_record
TN:
SF:server\models\blog.js
FNF:0
FNH:0
DA:1,1
DA:3,1
DA:13,1
LF:3
LH:3
BRF:0
BRH:0
end_of_record
TN:
SF:server\models\query.js
FNF:0
FNH:0
DA:1,1
DA:3,1
DA:9,1
LF:3
LH:3
BRF:0
BRH:0
end_of_record
TN:
SF:server\models\user.js
FNF:0
FNH:0
DA:1,1
DA:2,1
DA:4,1
DA:10,1
LF:4
LH:4
BRF:0
BRH:0
end_of_record
TN:
SF:server\routes\blog.js
FNF:0
FNH:0
DA:1,1
DA:2,1
DA:3,1
DA:4,1
DA:5,1
DA:7,1
DA:9,1
DA:11,1
DA:13,1
DA:20,1
DA:22,1
LF:11
LH:11
BRF:0
BRH:0
end_of_record
TN:
SF:server\routes\comment.js
FNF:0
FNH:0
DA:1,1
DA:2,1
DA:3,1
DA:4,1
DA:6,1
DA:12,1
LF:6
LH:6
BRF:0
BRH:0
end_of_record
TN:
SF:server\routes\likes.js
FNF:0
FNH:0
DA:1,1
DA:2,1
DA:4,1
DA:6,1
DA:8,1
LF:5
LH:5
BRF:0
BRH:0
end_of_record
TN:
SF:server\routes\query.js
FNF:0
FNH:0
DA:1,1
DA:2,1
DA:3,1
DA:4,1
DA:5,1
DA:6,1
DA:8,1
DA:10,1
DA:12,1
DA:14,1
DA:16,1
LF:11
LH:11
BRF:0
BRH:0
end_of_record
TN:
SF:server\routes\user.js
FNF:0
FNH:0
DA:1,1
DA:2,1
DA:3,1
DA:4,1
DA:5,1
DA:7,1
DA:14,1
DA:16,1
LF:8
LH:8
BRF:0
BRH:0
end_of_record
TN:
SF:server\seeds\admin.js
FNF:0
FNH:0
DA:1,1
DA:2,1
DA:3,1
DA:7,1
DA:8,1
DA:10,1
LF:6
LH:6
BRF:0
BRH:0
end_of_record
